<?xml version="1.0" encoding="UTF-8"?>
<!-- Generated by org.testng.reporters.JUnitReportReporter -->
<testsuite skipped="0" hostname="DESKTOP-RAD8G3A" name="testNGClasses.TestCase1" tests="1" failures="0" timestamp="27 Sep 2019 21:29:20 GMT" time="0.017" errors="0">
  <testcase name="testFB" time="0.017" classname="testNGClasses.TestCase1"/>
</testsuite> <!-- testNGClasses.TestCase1 -->
