<?xml version="1.0" encoding="UTF-8"?>
<!-- Generated by org.testng.reporters.JUnitReportReporter -->
<testsuite skipped="0" hostname="DESKTOP-RAD8G3A" name="testNGClasses.TestCase2" tests="1" failures="0" timestamp="27 Sep 2019 21:29:12 GMT" time="0.016" errors="0">
  <testcase name="testTwitter" time="0.016" classname="testNGClasses.TestCase2"/>
</testsuite> <!-- testNGClasses.TestCase2 -->
