<?xml version="1.0" encoding="UTF-8"?>
<!-- Generated by org.testng.reporters.JUnitReportReporter -->
<testsuite skipped="0" hostname="User" name="testNG.Day3" tests="6" failures="0" timestamp="04 Sep 2019 18:13:11 GMT" time="0.028" errors="0">
  <testcase name="WebLoginCarloan" time="0.003" classname="testNG.Day3"/>
  <testcase name="WebLoginCarloan" time="0.003" classname="testNG.Day3"/>
  <testcase name="MobileLoginCarloan" time="0.002" classname="testNG.Day3"/>
  <testcase name="LaptopLoginBikeLoan" time="0.013" classname="testNG.Day3"/>
  <testcase name="WebLoginCarloan" time="0.004" classname="testNG.Day3"/>
  <testcase name="APIloginCarloan" time="0.003" classname="testNG.Day3"/>
</testsuite> <!-- testNG.Day3 -->
