<?xml version="1.0" encoding="UTF-8"?>
<!-- Generated by org.testng.reporters.JUnitReportReporter -->
<testsuite skipped="0" hostname="User" name="testNG.Day1" tests="1" failures="0" timestamp="22 Aug 2019 10:27:14 GMT" time="0.017" errors="0">
  <testcase name="firsttest" time="0.017" classname="testNG.Day1"/>
</testsuite> <!-- testNG.Day1 -->
