<?xml version="1.0" encoding="UTF-8"?>
<!-- Generated by org.testng.reporters.JUnitReportReporter -->
<testsuite skipped="0" hostname="DESKTOP-RAD8G3A" name="testNG.Day5" tests="7" failures="0" timestamp="27 Sep 2019 21:33:47 GMT" time="0.044" errors="0">
  <testcase name="WebLoginCarloan" time="0.007" classname="testNG.Day5"/>
  <testcase name="MobileLoginCarloans" time="0.004" classname="testNG.Day5"/>
  <testcase name="WebLoginCarloan" time="0.005" classname="testNG.Day5"/>
  <testcase name="APIloginCarloan" time="0.013" classname="testNG.Day5"/>
  <testcase name="WebLoginCarloan" time="0.007" classname="testNG.Day5"/>
  <testcase name="APIloginCarloan" time="0.004" classname="testNG.Day5"/>
  <testcase name="APIloginCarloan" time="0.004" classname="testNG.Day5"/>
</testsuite> <!-- testNG.Day5 -->
